进入全局变量列表页面
进入添加全局变量页面
进入添加全局变量页面
进入全局变量列表页面
进入编辑全局变量id: 12 页面
编辑全局变量id: 12 中
编辑全局变量id: 12 成功
进入全局变量列表页面
进入全局变量列表页面
进入全局变量列表页面
进入全局变量列表页面
进入全局变量列表页面
进入添加全局变量页面
进入全局变量列表页面
删除全局变量id: 10 中
删除全局变量id: 10 成功
进入全局变量列表页面
进入添加全局变量页面
进入编辑全局变量id: 9 页面
进入添加全局变量页面
开始添加全局变量:name root
添加全局变量:name root 成功
进入全局变量列表页面
进入全局变量列表页面
进入编辑全局变量 id: 12 页面
进入全局变量列表页面
进入全局变量列表 第1页
进入测试用例列表页面 第1页
进入测试用例列表页面 第2页
进入添加测试用例页面
进入编辑测试用例分组 id:0 页面
编辑测试用例分组 id:1 成功
进入测试用例分组列表页面 第1页
进入测试用例分组添加页面
开始添加测试用例分组 name: admin 
开始添加测试用例分组 name: admin 成功
进入测试用例分组列表页面 第1页
进入编辑测试用例分组 id:15 页面
编辑测试用例分组 id:15 成功
进入测试用例分组列表页面 第1页
进入测试用例列表页面 第1页
进入测试用例列表页面 第2页
进入添加测试用例页面
添加测试用例 name: root 成功
进入测试用例列表页面 第1页
进入编辑测试用例 id: 9 页面
编辑测试用例 name: root11 成功
进入测试用例列表页面 第1页
删除测试用例 id: 5 成功
进入测试用例列表页面 第1页
进入全局变量列表 第1页
进入添加全局变量页面
开始添加全局变量 name: test
添加全局变量 name: test 成功
进入全局变量列表 第1页
进入编辑全局变量 id: 16 页面
编辑全局变量 name: test 成功
进入全局变量列表 第1页
删除全局变量 id: 16 成功
进入全局变量列表 第1页
进入请求头部列表 第1页
进入请求头部列表页面
添加请求头部 name: zDBM_web
添加请求头部 name: zDBM_web 成功
进入请求头部列表 第1页
进入修改请求头部 id: 9 页面
编辑请求头部 name: zDBM_web2 成功
进入请求头部列表 第1页
删除请求头部 id: 9 成功
进入请求头部列表 第1页
进入请求头部列表 第1页
进入全局变量列表 第1页
进入测试用例分组列表页面 第1页
进入测试用例列表页面 第1页
进入测试用例分组列表页面 第1页
进入全局变量列表 第1页
进入全局变量列表 第1页
进入请求头部列表 第1页
进入请求头部列表 第1页
进入请求头部列表 第1页
进入请求头部列表 第1页
进入全局变量列表 第1页
进入测试用例分组列表页面 第1页
进入测试用例列表页面 第1页
进入测试用例分组列表页面 第1页
进入测试用例分组列表页面 第1页
进入测试用例分组列表页面 第1页
进入测试用例分组列表页面 第1页
进入测试用例分组列表页面 第1页
进入测试用例分组列表页面 第1页
进入测试用例分组列表页面 第1页
进入测试用例分组列表页面 第1页
进入测试用例分组列表页面 第1页
进入测试用例分组列表页面 第1页
进入测试用例分组列表页面 第1页
进入测试用例分组列表页面 第1页
进入测试用例分组列表页面 第1页
进入测试用例分组列表页面 第1页
进入测试用例分组列表页面 第1页
进入测试用例分组列表页面 第1页
进入测试用例分组列表页面 第2页
进入测试用例分组列表页面 第3页
进入测试用例分组列表页面 第1页
进入测试用例分组列表页面 第2页
进入测试用例分组列表页面 第3页
进入测试用例分组列表页面 第1页
进入全局变量列表 第1页
进入全局变量列表 第1页
进入全局变量列表 第1页
进入全局变量列表 第1页
进入全局变量列表 第1页
进入全局变量列表 第1页
进入全局变量列表 第1页
进入全局变量列表 第1页
进入全局变量列表 第1页
进入全局变量列表 第1页
进入全局变量列表 第1页
进入全局变量列表 第1页
进入全局变量列表 第1页
进入全局变量列表 第1页
进入全局变量列表 第2页
进入全局变量列表 第3页
进入全局变量列表 第1页
进入全局变量列表 第2页
进入添加全局变量页面
开始添加全局变量 name: 123123
添加全局变量 name: 123123 成功
进入全局变量列表 第1页
进入全局变量列表 第1页
进入全局变量列表 第2页
进入全局变量列表 第3页
进入全局变量列表 第1页
进入全局变量列表 第1页
进入全局变量列表 第1页
进入全局变量列表 第2页
进入测试用例分组列表页面 第1页
进入全局变量列表 第1页
进入全局变量列表 第1页
进入全局变量列表 第3页
进入全局变量列表 第2页
进入全局变量列表 第2页
进入全局变量列表 第1页
进入全局变量列表 第3页
进入全局变量列表 第2页
进入全局变量列表 第1页
进入测试用例分组列表页面 第1页
进入全局变量列表 第1页
进入请求头部列表 第1页
进入请求头部列表 第1页
进入修改请求头部 id: 5 页面
进入全局变量列表 第1页
进入测试用例列表页面 第1页
进入测试用例列表页面 第2页
进入测试用例列表页面 第1页
进入编辑测试用例 id: 6 页面
进入请求头部列表 第1页
进入请求头部列表 第2页
进入请求头部列表 第2页
进入请求头部列表 第1页
进入请求头部列表 第2页
进入修改请求头部 id: 2 页面
进入测试用例分组列表页面 第1页
删除测试用例分组 id:15 成功
进入测试用例分组列表页面 第1页
进入测试用例分组列表页面 第2页
进入测试用例分组列表页面 第3页
进入全局变量列表 第1页
进入测试用例列表页面 第1页
进入测试用例列表页面 第2页
进入测试用例列表页面 第1页
进入添加测试用例页面
添加测试用例 name:  成功
进入测试用例列表页面 第1页
进入测试用例列表页面 第1页
进入测试用例列表页面 第1页
进入测试用例列表页面 第1页
进入测试用例列表页面 第1页
进入测试用例列表页面 第1页
进入测试用例列表页面 第1页
进入测试用例列表页面 第1页
进入测试用例列表页面 第1页
进入测试用例列表页面 第1页
进入测试用例列表页面 第1页
进入测试用例列表页面 第1页
进入测试用例列表页面 第2页
进入编辑测试用例 id: 1 页面
进入测试用例列表页面 第1页
进入测试用例分组列表页面 第1页
进入全局变量列表 第1页
进入请求头部列表 第1页
进入测试用例分组列表页面 第1页
进入测试用例列表页面 第1页
进入测试用例分组列表页面 第1页
进入全局变量列表 第1页
进入测试用例分组列表页面 第1页
进入测试用例分组列表页面 第1页
进入测试用例列表页面 第1页
进入测试用例分组列表页面 第1页
进入测试用例分组列表页面 第2页
进入测试用例分组列表页面 第3页
进入全局变量列表 第1页
进入全局变量列表 第3页
进入全局变量列表 第2页
进入请求头部列表 第1页
进入请求头部列表 第1页
进入请求头部列表 第1页
进入请求头部列表 第1页
进入请求头部列表 第1页
进入请求头部列表 第1页
进入测试用例列表页面 第1页
进入测试用例执行页面
进入测试用例执行页面
进入测试用例执行页面
进入测试用例执行页面
进入测试用例执行页面
进入测试用例执行页面
进入全局变量列表 第1页
进入请求头部列表 第1页
进入测试用例执行页面
进入测试用例分组列表页面 第1页
进入测试用例列表页面 第1页
进入测试用例执行页面
进入测试用例执行页面
进入测试用例执行页面
进入全局变量列表 第1页
进入全局变量列表 第1页
进入测试用例执行页面
进入请求头部列表 第1页
进入全局变量列表 第1页
进入全局变量列表 第1页
进入全局变量列表 第1页
进入测试用例执行页面
进入全局变量列表 第1页
进入测试用例执行页面
进入测试用例执行页面
进入测试用例执行页面
进入测试用例执行页面
进入测试用例执行页面
进入测试用例执行页面
进入测试用例执行页面
进入测试用例执行页面
进入测试用例执行页面
进入测试用例执行页面
进入测试用例执行页面
进入测试用例执行页面
进入测试用例执行页面
进入测试用例执行页面
进入测试用例执行页面
进入测试用例执行页面
进入测试用例执行页面
进入测试用例执行页面
进入测试用例执行页面
进入测试用例列表页面 第1页
进入测试用例分组列表页面 第1页
进入测试用例列表页面 第1页
进入测试用例分组列表页面 第1页
进入请求头部列表 第1页
进入测试用例执行页面
进入测试用例执行页面
进入测试用例执行页面
进入测试用例执行页面
进入测试用例执行页面
进入全局变量列表 第1页
进入请求头部列表 第1页
进入测试用例执行页面
进入测试用例执行页面
进入测试用例执行页面
进入测试用例执行页面
进入测试用例执行页面
进入测试用例执行页面
进入测试用例执行页面
进入测试用例执行页面
进入测试用例执行页面
进入测试用例执行页面
进入测试用例执行页面
进入测试用例执行页面
进入测试用例执行页面
进入测试用例执行页面
进入测试用例执行页面
进入测试用例执行页面
进入测试用例执行页面
进入测试用例执行页面
进入测试用例执行页面
进入测试用例执行页面
进入测试用例执行页面
进入测试用例执行页面
进入测试用例执行页面
进入测试用例执行页面
进入测试用例执行页面
进入测试用例执行页面
进入测试用例执行页面
进入测试用例执行页面
进入测试用例执行页面
进入测试用例列表页面 第1页
进入编辑测试用例 id: 10 页面
进入测试用例列表页面 第1页
进入测试用例列表页面 第1页
进入测试用例执行页面
进入测试用例执行页面
进入测试用例执行页面
进入测试用例执行页面
进入测试用例执行页面
进入测试用例列表页面 第1页
进入测试用例列表页面 第1页
进入添加测试用例页面
进入编辑测试用例 id: 10 页面
进入测试用例列表页面 第1页
进入添加测试用例页面
进入测试用例分组添加页面
进入编辑测试用例分组 id:0 页面
进入测试用例列表页面 第1页
进入测试用例分组列表页面 第1页
进入测试用例列表页面 第1页
进入测试用例分组列表页面 第1页
进入全局变量列表 第1页
进入请求头部列表 第1页
进入请求头部列表 第1页
进入测试用例执行页面
进入测试用例执行页面
进入测试用例执行页面
进入测试用例执行页面
进入测试用例执行页面
进入测试用例列表页面 第1页
进入测试用例分组列表页面 第1页
进入测试用例列表页面 第1页
进入添加测试用例页面
进入测试用例分组列表页面 第1页
进入测试用例分组添加页面
进入测试用例列表页面 第1页
进入添加测试用例页面
进入添加测试用例页面
进入添加测试用例页面
进入添加测试用例页面
进入添加测试用例页面
进入添加测试用例页面
进入添加测试用例页面
进入添加测试用例页面
进入添加测试用例页面
进入添加测试用例页面
进入添加测试用例页面
进入添加测试用例页面
进入添加测试用例页面
进入添加测试用例页面
进入添加测试用例页面
进入添加测试用例页面
进入添加测试用例页面
进入添加测试用例页面
进入测试用例分组添加页面
进入测试用例分组添加页面
进入测试用例分组添加页面
进入测试用例分组添加页面
进入测试用例分组添加页面
进入测试用例分组添加页面
进入测试用例分组添加页面
进入测试用例分组添加页面
进入测试用例分组添加页面
进入测试用例分组添加页面
进入测试用例分组添加页面
进入测试用例分组添加页面
进入测试用例分组添加页面
进入测试用例分组添加页面
进入测试用例分组添加页面
进入测试用例分组添加页面
进入测试用例分组添加页面
进入测试用例分组添加页面
进入测试用例分组添加页面
进入测试用例分组添加页面
进入测试用例分组添加页面
进入测试用例分组添加页面
进入测试用例分组添加页面
进入测试用例列表页面 第1页
进入添加测试用例页面
进入测试用例分组列表页面 第1页
进入测试用例分组列表页面 第1页
进入测试用例分组添加页面
进入测试用例列表页面 第1页
进入添加测试用例页面
进入测试用例列表页面 第1页
进入测试用例分组列表页面 第1页
进入测试用例分组添加页面
进入测试用例分组列表页面 第1页
进入测试用例列表页面 第1页
进入测试用例列表页面 第1页
进入测试用例分组列表页面 第1页
进入全局变量列表 第1页
进入添加全局变量页面
进入测试用例列表页面 第1页
进入添加测试用例页面
进入测试用例执行页面
进入测试用例列表页面 第1页
进入测试用例列表页面 第1页
进入测试用例分组列表页面 第1页
进入测试用例列表页面 第1页
进入添加测试用例页面
进入测试用例分组列表页面 第1页
进入测试用例分组添加页面
进入测试用例分组列表页面 第1页
进入全局变量列表 第1页
进入添加全局变量页面
进入请求头部列表 第1页
进入请求头部列表页面
进入请求头部列表页面
进入请求头部列表页面
进入全局变量列表 第1页
进入测试用例分组列表页面 第1页
进入测试用例列表页面 第1页
进入添加测试用例页面
进入请求头部列表页面
进入测试用例执行页面
进入测试用例执行页面
进入测试用例执行页面
进入测试用例执行页面
进入测试用例执行页面
进入测试用例执行页面
进入测试用例执行页面
进入测试用例执行页面
进入测试用例列表页面 第1页
进入添加测试用例页面
进入测试用例分组添加页面
进入测试用例分组添加页面
进入测试用例分组添加页面
进入测试用例分组添加页面
进入测试用例分组添加页面
进入测试用例分组添加页面
进入测试用例分组添加页面
进入测试用例分组添加页面
进入测试用例列表页面 第1页
进入添加测试用例页面
进入测试用例分组添加页面
进入测试用例分组添加页面
进入测试用例分组添加页面
进入测试用例分组添加页面
进入测试用例分组添加页面
进入测试用例分组添加页面
进入测试用例分组添加页面
进入测试用例分组添加页面
进入测试用例分组添加页面
进入测试用例分组添加页面
进入测试用例列表页面 第1页
进入添加测试用例页面
进入请求头部列表页面
进入测试用例列表页面 第1页
进入测试用例分组列表页面 第1页
进入全局变量列表 第1页
进入添加全局变量页面
进入添加全局变量页面
进入添加全局变量页面
进入测试用例列表页面 第1页
进入测试用例分组列表页面 第1页
进入全局变量列表 第1页
进入添加全局变量页面
进入测试用例列表页面 第1页
进入添加测试用例页面
进入请求头部列表页面
进入测试用例执行页面
进入全局变量列表 第1页
进入请求头部列表 第1页
进入测试用例执行页面
进入全局变量列表 第1页
进入添加全局变量页面
进入测试用例执行页面
进入测试用例分组列表页面 第1页
进入测试用例列表页面 第1页
进入测试用例分组列表页面 第1页
进入测试用例分组添加页面
进入测试用例分组列表页面 第1页
进入测试用例执行页面
进入测试用例执行页面
进入测试用例执行页面
进入测试用例执行页面
进入测试用例执行页面
进入测试用例执行页面
进入测试用例执行页面
进入测试用例执行页面
进入测试用例执行页面
进入测试用例列表页面 第1页
进入测试用例列表页面 第1页
进入测试用例列表页面 第1页
进入测试用例列表页面 第1页
进入测试用例执行页面
进入测试用例执行页面
进入测试用例列表页面 第1页
进入测试用例列表页面 第1页
进入测试用例列表页面 第1页
进入测试用例分组列表页面 第1页
进入测试用例列表页面 第1页
进入测试用例分组列表页面 第1页
进入测试用例列表页面 第1页
进入请求头部列表 第1页
进入全局变量列表 第1页
进入添加全局变量页面
进入全局变量列表 第1页
进入全局变量列表 第1页
进入全局变量列表 第1页
进入添加全局变量页面
进入全局变量列表 第1页
进入全局变量列表 第1页
进入添加全局变量页面
进入全局变量列表 第1页
进入全局变量列表 第1页
进入全局变量列表 第1页
进入全局变量列表 第1页
进入添加全局变量页面
进入全局变量列表 第1页
进入全局变量列表 第1页
进入全局变量列表 第1页
进入全局变量列表 第1页
进入全局变量列表 第1页
进入全局变量列表 第1页
进入全局变量列表 第1页
进入全局变量列表 第1页
进入全局变量列表 第1页
进入添加全局变量页面
进入全局变量列表 第1页
进入全局变量列表 第1页
进入全局变量列表 第1页
进入测试用例列表页面 第1页
进入测试用例分组列表页面 第1页
进入测试用例分组列表页面 第1页
进入测试用例列表页面 第1页
进入测试用例分组列表页面 第1页
进入全局变量列表 第1页
进入请求头部列表 第1页
进入测试用例执行页面
进入测试用例列表页面 第1页
进入添加测试用例页面
进入请求头部列表 第1页
进入请求头部列表 第1页
进入全局变量列表 第1页
进入测试用例列表页面 第1页
进入测试用例列表页面 第1页
进入测试用例分组列表页面 第1页
进入全局变量列表 第1页
进入全局变量列表 第2页
进入全局变量列表 第3页
进入全局变量列表 第1页
进入测试用例分组列表页面 第1页
进入测试用例分组列表页面 第1页
进入测试用例执行页面
进入测试用例执行页面
进入测试用例执行页面
进入测试用例列表页面 第1页
进入测试用例分组列表页面 第1页
进入全局变量列表 第1页
进入添加全局变量页面
进入添加全局变量页面
进入测试用例列表页面 第1页
进入测试用例分组列表页面 第1页
进入全局变量列表 第1页
进入全局变量列表 第1页
进入请求头部列表 第1页
进入请求头部列表页面
进入测试用例列表页面 第1页
进入测试用例分组列表页面 第1页
进入测试用例列表页面 第1页
进入测试用例列表页面 第1页
进入测试用例列表页面 第1页
进入测试用例分组列表页面 第1页
进入全局变量列表 第1页
进入全局变量列表 第1页
进入请求头部列表 第1页
进入测试用例执行页面
进入测试用例执行页面
进入请求头部列表 第1页
进入测试用例分组列表页面 第1页
进入测试用例列表页面 第1页
进入添加测试用例页面
进入请求头部列表 第1页
进入请求头部列表页面
进入全局变量列表 第1页
进入请求头部列表 第1页
进入请求头部列表页面
进入全局变量列表 第1页
进入全局变量列表 第1页
进入添加全局变量页面
进入测试用例列表页面 第1页
进入全局变量列表 第1页
进入测试用例执行页面
进入测试用例分组列表页面 第1页
进入测试用例列表页面 第1页
进入测试用例分组列表页面 第1页
进入全局变量列表 第1页
进入测试用例分组列表页面 第1页
进入测试用例列表页面 第1页
进入全局变量列表 第1页
进入请求头部列表 第1页
进入请求头部列表 第1页
进入请求头部列表页面
进入全局变量列表 第1页
进入添加全局变量页面
开始添加全局变量 name: ZDBM_IP
添加全局变量 name: ZDBM_IP 成功
进入全局变量列表 第1页
进入请求头部列表 第1页
进入请求头部列表 第1页
进入请求头部列表页面
添加请求头部 name: ZDBM_request
添加请求头部 name: ZDBM_request 成功
进入请求头部列表 第1页
进入测试用例列表页面 第1页
进入添加测试用例页面
进入测试用例分组列表页面 第1页
进入测试用例分组添加页面
开始添加测试用例分组 name: 用户登陆 
开始添加测试用例分组 name: 用户登陆 成功
进入测试用例分组列表页面 第1页
进入测试用例列表页面 第1页
进入添加测试用例页面
添加测试用例 name: 正常登陆{ZDBM_IP} 成功
进入测试用例列表页面 第1页
进入编辑测试用例 id: 1 页面
进入编辑测试用例 id: 1 页面
编辑测试用例 name: 正常登陆${ZDBM_IP} 成功
进入测试用例列表页面 第1页
进入编辑测试用例 id: 1 页面
编辑测试用例 name: 正常登陆${ZDBM_IP}服务器 成功
进入测试用例列表页面 第1页
进入编辑测试用例 id: 1 页面
进入编辑测试用例 id: 1 页面
进入测试用例分组列表页面 第1页
进入测试用例列表页面 第1页
进入测试用例列表页面 第1页
进入测试用例列表页面 第1页
进入测试用例分组列表页面 第1页
进入测试用例分组  id:1 关联测试用例页面
进入测试用例列表页面 第1页
进入测试用例列表页面 第1页
进入测试用例列表页面 第1页
进入测试用例列表页面 第1页
进入测试用例列表页面 第1页
进入测试用例列表页面 第1页
进入测试用例列表页面 第1页
进入添加测试用例页面
进入测试用例列表页面 第1页
进入编辑测试用例 id: 1 页面
进入测试用例列表页面 第1页
删除测试用例 id: 1 成功
进入测试用例列表页面 第1页
进入测试用例列表页面 第1页
进入添加测试用例页面
进入添加测试用例页面
添加测试用例 name: 正常登陆${ZDBM_IP}服务器 成功
进入测试用例列表页面 第1页
进入测试用例列表页面 第1页
进入测试用例列表页面 第1页
进入测试用例分组列表页面 第1页
进入测试用例列表页面 第1页
进入添加测试用例页面
进入添加测试用例页面
添加测试用例 name: 正常登陆${ZDBM_IP}服务器 成功
进入测试用例列表页面 第1页
进入测试用例执行页面
进入测试用例执行页面
进入测试用例执行页面
进入测试用例执行页面
进入测试用例执行页面
进入测试用例列表页面 第1页
进入测试用例分组列表页面 第1页
进入测试用例列表页面 第1页
进入添加测试用例页面
进入添加测试用例页面
进入添加测试用例页面
进入请求头部列表 第1页
进入测试用例执行页面
进入测试用例执行页面
进入测试用例列表页面 第1页
进入添加测试用例页面
进入测试用例分组列表页面 第1页
进入测试用例列表页面 第1页
进入测试用例列表页面 第1页
进入测试用例执行页面
进入测试用例执行页面
进入测试用例执行页面
进入测试用例列表页面 第1页
进入测试用例分组列表页面 第1页
进入测试用例执行页面
进入请求头部列表 第1页
进入测试用例执行页面
进入测试用例执行页面
进入测试用例执行页面
进入测试用例执行页面
进入测试用例执行页面
进入测试用例执行页面
进入测试用例执行页面
进入测试用例执行页面
进入测试用例执行页面
进入测试用例执行页面
进入测试用例执行页面
进入测试用例执行页面
进入测试用例执行页面
进入测试用例执行页面
进入测试用例执行页面
进入测试用例执行页面
进入测试用例执行页面
进入测试用例执行页面
进入测试用例执行页面
进入测试用例执行页面
进入测试用例执行页面
进入测试用例分组列表页面 第1页
进入测试用例列表页面 第1页
进入测试用例分组列表页面 第1页
进入测试用例分组  id:1 关联测试用例页面
进入测试用例列表页面 第1页
进入测试用例执行页面
进入测试用例执行页面
进入测试用例执行页面
进入测试用例执行页面
进入测试用例执行页面
进入测试用例执行页面
进入测试用例执行页面
进入测试用例执行页面
进入测试用例执行页面
进入测试用例执行页面
进入测试用例执行页面
进入测试用例执行页面
进入测试用例执行页面
进入测试用例执行页面
进入测试用例执行页面
进入测试用例执行页面
进入测试用例执行页面
进入测试用例执行页面
进入测试用例执行页面
进入测试用例执行页面
进入测试用例执行页面
进入测试用例执行页面
进入测试用例执行页面
进入测试用例执行页面
进入测试用例执行页面
进入全局变量列表 第1页
进入全局变量列表 第1页
进入添加全局变量页面
开始添加全局变量 name: 2
开始添加全局变量 name: 2
添加全局变量 name: 2 成功
进入全局变量列表 第1页
删除全局变量 id: 2 成功
进入全局变量列表 第1页
进入添加全局变量页面
开始添加全局变量 name: 2
添加全局变量 name: 2 成功
进入全局变量列表 第1页
进入添加全局变量页面
开始添加全局变量 name: 2
添加全局变量 name: 2 成功
进入全局变量列表 第1页
删除全局变量 id: 3 成功
进入全局变量列表 第1页
进入编辑全局变量 id: 2 页面
编辑全局变量 name: 22 成功
进入全局变量列表 第1页
删除全局变量 id: 2 成功
进入全局变量列表 第1页
进入全局变量列表 第1页
进入测试用例执行页面
进入测试用例执行页面
进入全局变量列表 第1页
删除全局变量 id: 2 成功
进入全局变量列表 第1页
进入全局变量列表 第1页
进入测试用例执行页面
进入测试用例执行页面
进入测试用例执行页面
进入请求头部列表 第1页
进入全局变量列表 第1页
进入全局变量列表 第1页
进入请求头部列表 第1页
进入测试用例执行页面
进入测试用例执行页面
进入请求头部列表 第1页
进入全局变量列表 第1页
删除全局变量 id: 3 成功
进入全局变量列表 第1页
进入全局变量列表 第1页
进入测试用例执行页面
进入测试用例执行页面
进入全局变量列表 第1页
进入测试用例执行页面
进入测试用例执行页面
进入全局变量列表 第1页
进入测试用例执行页面
进入测试用例执行页面
进入全局变量列表 第1页
进入测试用例执行页面
进入测试用例执行页面
进入测试用例执行页面
进入测试用例执行页面
进入全局变量列表 第1页
进入测试用例执行页面
进入测试用例执行页面
进入全局变量列表 第1页
进入测试用例执行页面
进入测试用例执行页面
进入测试用例执行页面
进入测试用例执行页面
进入测试用例执行页面
进入测试用例执行页面
进入测试用例执行页面
进入测试用例执行页面
进入测试用例执行页面
进入测试用例执行页面
进入测试用例执行页面
进入测试用例执行页面
进入测试用例执行页面
进入测试用例执行页面
进入测试用例执行页面
进入测试用例执行页面
进入请求头部列表 第1页
进入测试用例执行页面
进入测试用例列表页面 第1页
进入测试用例列表页面 第1页
进入测试用例分组列表页面 第1页
进入全局变量列表 第1页
进入全局变量列表 第1页
进入请求头部列表 第1页
进入测试用例执行页面
进入测试用例分组列表页面 第1页
进入测试用例列表页面 第1页
进入添加测试用例页面
进入全局变量列表 第1页
进入测试用例分组列表页面 第1页
进入测试用例执行页面
进入全局变量列表 第1页
进入请求头部列表 第1页
进入测试用例执行页面
进入测试用例执行页面
进入测试用例执行页面
进入测试用例执行页面
进入测试用例列表页面 第1页
进入添加测试用例页面
进入测试用例分组列表页面 第1页
进入测试用例分组添加页面
开始添加测试用例分组 name: 添加环境 
开始添加测试用例分组 name: 添加环境 成功
进入测试用例分组列表页面 第1页
进入测试用例分组添加页面
进入测试用例列表页面 第1页
进入测试用例列表页面 第1页
进入测试用例分组列表页面 第1页
进入请求头部列表 第1页
进入请求头部列表页面
添加请求头部 name: ZDBM获取token后的登陆头部
添加请求头部 name: ZDBM获取token后的登陆头部 成功
进入请求头部列表 第1页
进入测试用例列表页面 第1页
进入添加测试用例页面
进入全局变量列表 第1页
进入添加全局变量页面
进入全局变量列表 第1页
进入测试用例分组列表页面 第1页
进入请求头部列表 第1页
进入测试用例执行页面
进入全局变量列表 第1页
进入测试用例列表页面 第1页
进入添加测试用例页面
进入添加测试用例页面
添加测试用例 name: 设置客户名称 成功
进入测试用例列表页面 第1页
进入测试用例执行页面
进入全局变量列表 第1页
进入编辑全局变量 id: 1 页面
编辑全局变量 name: ZDBM_IP 成功
进入全局变量列表 第1页
进入测试用例列表页面 第1页
进入编辑测试用例 id: 2 页面
进入编辑测试用例 id: 2 页面
编辑测试用例 name: 设置客户名称 成功
进入测试用例列表页面 第1页
进入编辑测试用例 id: 2 页面
进入测试用例列表页面 第1页
进入编辑测试用例 id: 1 页面
进入编辑测试用例 id: 1 页面
编辑测试用例 name: 正常登陆${ZDBM_IP}服务器 成功
进入测试用例列表页面 第1页
进入测试用例执行页面
进入测试用例列表页面 第1页
进入全局变量列表 第1页
进入编辑全局变量 id: 1 页面
编辑全局变量 name: ZDBM_API 成功
进入全局变量列表 第1页
进入添加全局变量页面
开始添加全局变量 name: ZDBM_IP
添加全局变量 name: ZDBM_IP 成功
进入全局变量列表 第1页
进入测试用例分组列表页面 第1页
进入测试用例列表页面 第1页
进入编辑测试用例 id: 1 页面
进入编辑测试用例 id: 1 页面
编辑测试用例 name: 正常登陆${ZDBM_IP}服务器 成功
进入测试用例列表页面 第1页
进入测试用例执行页面
进入测试用例分组列表页面 第1页
进入测试用例列表页面 第1页
进入添加测试用例页面
进入测试用例分组列表页面 第1页
进入测试用例分组列表页面 第1页
进入测试用例分组添加页面
开始添加测试用例分组 name: licence相关 
开始添加测试用例分组 name: licence相关 成功
进入测试用例分组列表页面 第1页
进入测试用例列表页面 第1页
进入添加测试用例页面
进入添加测试用例页面
添加测试用例 name: 获取版权信息 成功
进入测试用例列表页面 第1页
进入测试用例执行页面
进入测试用例列表页面 第1页
删除测试用例 id: 2 成功
进入测试用例列表页面 第1页
进入测试用例列表页面 第1页
进入测试用例执行页面
进入测试用例列表页面 第1页
进入测试用例列表页面 第1页
进入测试用例分组列表页面 第1页
进入测试用例列表页面 第1页
进入添加测试用例页面
进入添加测试用例页面
进入添加测试用例页面
进入添加测试用例页面
进入添加测试用例页面
添加测试用例 name: 设置客户名称 成功
进入测试用例列表页面 第1页
进入测试用例执行页面
进入测试用例执行页面
进入测试用例执行页面
进入全局变量列表 第1页
进入全局变量列表 第1页
进入全局变量列表 第1页
进入测试用例执行页面
进入全局变量列表 第1页
进入编辑全局变量 id: 5 页面
编辑全局变量 name: _REPORT_FILE_PATH 成功
进入全局变量列表 第1页
进入测试用例执行页面
进入全局变量列表 第1页
进入全局变量列表 第2页
进入全局变量列表 第1页
进入全局变量列表 第1页
进入全局变量列表 第1页
进入测试用例执行页面
进入测试用例执行页面
进入测试用例执行页面
进入全局变量列表 第1页
进入请求头部列表 第1页
进入测试用例执行页面
进入测试用例执行页面
进入请求头部列表 第1页
进入测试用例执行页面
进入测试用例执行页面
进入测试用例执行页面
进入测试用例执行页面
进入测试用例执行页面
进入请求头部列表 第1页
进入全局变量列表 第1页
进入测试用例分组列表页面 第1页
进入测试用例列表页面 第1页
进入测试用例分组列表页面 第1页
进入测试用例分组列表页面 第1页
进入全局变量列表 第1页
进入测试用例列表页面 第1页
进入测试用例分组列表页面 第1页
进入请求头部列表 第1页
进入测试用例执行页面
进入测试用例执行页面
进入测试用例执行页面
进入请求头部列表 第1页
进入测试用例执行页面
进入测试用例列表页面 第1页
进入测试用例分组列表页面 第1页
进入全局变量列表 第1页
进入全局变量列表 第1页
进入请求头部列表 第1页
进入请求头部列表 第1页
进入测试用例执行页面
进入测试用例执行页面
进入测试用例执行页面
进入测试用例执行页面
进入测试用例执行页面
进入测试用例执行页面
进入测试用例执行页面
进入测试用例执行页面
进入测试用例执行页面
进入测试用例执行页面
进入测试用例分组列表页面 第1页
进入测试用例分组列表页面 第1页
进入全局变量列表 第1页
进入测试用例执行页面
进入测试用例分组列表页面 第1页
进入测试用例分组列表页面 第1页
进入全局变量列表 第1页
进入请求头部列表 第1页
进入测试用例执行页面
进入测试用例执行页面
进入测试用例列表页面 第1页
进入全局变量列表 第1页
进入请求头部列表 第1页
进入测试用例列表页面 第1页
进入测试用例分组列表页面 第1页
进入全局变量列表 第1页
进入请求头部列表 第1页
进入测试用例执行页面
进入测试用例执行页面
进入测试用例执行页面
进入测试用例执行页面
进入测试用例执行页面
进入测试用例执行页面
进入测试用例执行页面
进入测试用例执行页面
进入测试用例执行页面
进入测试用例执行页面
进入测试用例执行页面
进入测试用例执行页面
进入测试用例执行页面
进入测试用例执行页面
进入测试用例执行页面
进入测试用例执行页面
进入测试用例执行页面
进入测试用例执行页面
进入测试用例执行页面
进入测试用例执行页面
进入测试用例执行页面
进入测试用例执行页面
进入测试用例执行页面
进入测试用例执行页面
进入测试用例执行页面
进入测试用例执行页面
进入测试用例执行页面
进入测试用例执行页面
进入测试用例执行页面
进入测试用例执行页面
进入测试用例执行页面
进入测试用例执行页面
进入测试用例执行页面
进入请求头部列表 第1页
进入测试用例执行页面
进入测试用例列表页面 第1页
进入测试用例分组列表页面 第1页
进入全局变量列表 第1页
进入测试用例列表页面 第1页
进入测试用例分组列表页面 第1页
进入测试用例列表页面 第1页
进入测试用例列表页面 第1页
进入添加测试用例页面
进入测试用例列表页面 第1页
进入测试用例列表页面 第1页
进入添加测试用例页面
进入测试用例分组列表页面 第1页
进入测试用例列表页面 第1页
进入编辑测试用例 id: 4 页面
进入测试用例分组列表页面 第1页
进入全局变量列表 第1页
进入测试用例列表页面 第1页
进入添加测试用例页面
进入测试用例列表页面 第1页
进入测试用例列表页面 第1页
进入测试用例列表页面 第1页
进入添加测试用例页面
进入测试用例分组列表页面 第1页
进入测试用例列表页面 第1页
进入编辑测试用例 id: 4 页面
进入测试用例列表页面 第1页
进入测试用例列表页面 第1页
进入测试用例执行页面
进入请求头部列表 第1页
进入测试用例执行页面
进入测试用例执行页面
进入请求头部列表 第1页
进入测试用例列表页面 第1页
进入测试用例执行页面
进入测试用例执行页面
进入测试用例执行页面
进入测试用例执行页面
进入测试用例执行页面
进入测试用例执行页面
进入请求头部列表 第1页
进入测试用例执行页面
进入请求头部列表 第1页
进入测试用例执行页面
进入测试用例列表页面 第1页
进入测试用例分组列表页面 第1页
进入全局变量列表 第1页
进入全局变量列表 第1页
进入请求头部列表 第1页
进入测试用例执行页面
进入测试用例执行页面
进入请求头部列表 第1页
进入全局变量列表 第1页
进入测试用例分组列表页面 第1页
进入请求头部列表 第1页
进入测试用例执行页面
进入请求头部列表 第1页
进入测试用例执行页面
进入测试用例执行页面
进入测试用例执行页面
进入测试用例执行页面
进入测试用例执行页面
进入测试用例执行页面
进入测试用例执行页面
进入测试用例执行页面
进入测试用例执行页面
进入测试用例执行页面
进入全局变量列表 第1页
进入测试用例分组列表页面 第1页
进入测试用例列表页面 第1页
进入测试用例分组列表页面 第1页
进入全局变量列表 第1页
进入请求头部列表 第1页
进入测试用例执行页面
进入测试用例执行页面
进入请求头部列表 第1页
进入测试用例执行页面
进入测试用例列表页面 第1页
进入测试用例执行页面
进入测试用例列表页面 第1页
进入测试用例分组列表页面 第1页
进入全局变量列表 第1页
进入全局变量列表 第1页
进入请求头部列表 第1页
进入测试用例执行页面
进入测试用例列表页面 第1页
进入添加测试用例页面
进入测试用例分组列表页面 第1页
进入测试用例分组添加页面
进入全局变量列表 第1页
进入添加全局变量页面
进入请求头部列表 第1页
进入请求头部列表页面
进入测试用例执行页面
进入测试用例执行页面
进入测试用例执行页面
进入测试用例执行页面
进入测试用例执行页面
进入测试用例执行页面
进入测试用例执行页面
进入测试用例执行页面
进入测试用例执行页面
进入测试用例列表页面 第1页
进入测试用例列表页面 第1页
删除测试用例 id: 1 成功
进入测试用例列表页面 第1页
进入测试用例列表页面 第1页
进入测试用例执行页面
删除测试报告 id: -1 成功
删除测试报告 id: -1 成功
删除测试报告 id: -1 成功
删除测试报告 id: -1 成功
删除测试报告 id: -1 成功
删除测试报告 id: -1 成功
删除测试报告 id: -1 成功
删除测试报告 id: -1 成功
删除测试报告 id: -1 成功
删除测试报告 id: -1 成功
删除测试报告 id: -1 成功
删除测试报告 id: -1 成功
进入请求头部列表 第1页
进入测试用例执行页面
进入测试用例列表页面 第1页
进入测试用例执行页面
进入测试用例列表页面 第1页
进入测试用例分组列表页面 第1页
进入测试用例列表页面 第1页
进入添加测试用例页面
添加测试用例 name: 登陆${ZDBM_IP}服务器 成功
进入测试用例列表页面 第1页
进入测试用例执行页面
进入请求头部列表 第1页
进入全局变量列表 第1页
进入添加全局变量页面
开始添加全局变量 name: username
添加全局变量 name: username 成功
进入全局变量列表 第1页
进入添加全局变量页面
开始添加全局变量 name: password
添加全局变量 name: password 成功
进入全局变量列表 第1页
进入测试用例分组列表页面 第1页
进入测试用例列表页面 第1页
进入编辑测试用例 id: 5 页面
进入编辑测试用例 id: 5 页面
进入编辑测试用例 id: 5 页面
进入编辑测试用例 id: 5 页面
进入编辑测试用例 id: 5 页面
编辑测试用例 name: 登陆${ZDBM_IP}服务器 成功
进入测试用例列表页面 第1页
进入编辑测试用例 id: 5 页面
进入编辑测试用例 id: 5 页面
进入编辑测试用例 id: 5 页面
进入编辑测试用例 id: 5 页面
进入测试用例列表页面 第1页
进入编辑测试用例 id: 5 页面
进入编辑测试用例 id: 5 页面
编辑测试用例 name: 登陆${ZDBM_IP}服务器 成功
进入测试用例列表页面 第1页
进入测试用例执行页面
进入测试用例执行页面
进入测试用例执行页面
进入测试用例执行页面
删除测试报告 id: -1 成功
进入测试用例执行页面
进入请求头部列表 第1页
进入测试用例执行页面
进入测试用例执行页面
删除测试报告 id: 3 成功
删除测试报告 id: 4 成功
删除测试报告 id: 5 成功
删除测试报告 id: 6 成功
删除测试报告 id: 7 成功
删除测试报告 id: 8 成功
进入请求头部列表 第1页
进入测试用例执行页面
进入测试用例执行页面
进入请求头部列表 第1页
进入全局变量列表 第1页
进入测试用例执行页面
进入测试用例列表页面 第1页
进入测试用例列表页面 第1页
进入测试用例列表页面 第1页
进入测试用例分组列表页面 第1页
进入测试用例分组添加页面
开始添加测试用例分组 name:  
开始添加测试用例分组 name:  成功
进入测试用例分组列表页面 第1页
删除测试用例分组 id:4 成功
进入测试用例分组列表页面 第1页
进入测试用例分组添加页面
进入测试用例列表页面 第1页
进入测试用例分组列表页面 第1页
进入测试用例列表页面 第1页
进入测试用例分组列表页面 第1页
进入测试用例分组添加页面
开始添加测试用例分组 name: 用户登陆 
开始添加测试用例分组 name: 用户登陆 成功
进入测试用例分组列表页面 第1页
删除测试用例分组 id:4 成功
进入测试用例分组列表页面 第1页
进入测试用例分组添加页面
进入测试用例分组添加页面
进入测试用例分组添加页面
开始添加测试用例分组 name:  
开始添加测试用例分组 name:  成功
进入测试用例分组列表页面 第1页
删除测试用例分组 id:4 成功
进入测试用例分组列表页面 第1页
进入测试用例分组添加页面
进入测试用例分组添加页面
进入测试用例分组添加页面
进入测试用例分组添加页面
进入测试用例分组添加页面
进入测试用例分组添加页面
进入测试用例分组添加页面
进入测试用例分组添加页面
进入测试用例分组添加页面
进入测试用例分组添加页面
进入测试用例分组添加页面
进入测试用例分组添加页面
进入测试用例分组添加页面
进入测试用例分组添加页面
进入测试用例分组添加页面
进入测试用例分组添加页面
进入测试用例分组列表页面 第1页
进入测试用例列表页面 第1页
进入全局变量列表 第1页
进入测试用例分组列表页面 第1页
进入测试用例分组添加页面
进入测试用例分组添加页面
进入测试用例分组添加页面
进入测试用例分组添加页面
进入测试用例分组列表页面 第1页
进入测试用例分组添加页面
进入全局变量列表 第1页
进入测试用例分组列表页面 第1页
进入测试用例分组添加页面
进入测试用例分组添加页面
进入测试用例分组添加页面
进入测试用例分组添加页面
进入测试用例分组添加页面
进入测试用例分组添加页面
进入全局变量列表 第1页
进入测试用例分组列表页面 第1页
进入测试用例分组列表页面 第1页
进入测试用例分组添加页面
进入测试用例分组添加页面
进入测试用例分组添加页面
进入测试用例分组添加页面
进入测试用例分组添加页面
进入测试用例分组添加页面
开始添加测试用例分组 name: 11 
开始添加测试用例分组 name: 11 成功
进入测试用例分组列表页面 第1页
进入测试用例分组添加页面
进入测试用例分组添加页面
进入测试用例分组添加页面
进入测试用例分组添加页面
进入测试用例分组添加页面
进入全局变量列表 第1页
进入测试用例分组列表页面 第1页
进入测试用例分组添加页面
进入测试用例分组添加页面
进入测试用例分组添加页面
进入测试用例分组添加页面
进入测试用例分组添加页面
进入测试用例分组添加页面
进入请求头部列表 第1页
进入全局变量列表 第1页
进入测试用例分组列表页面 第1页
进入测试用例分组添加页面
进入测试用例分组添加页面
开始添加测试用例分组 name: 22 
开始添加测试用例分组 name: 22 成功
进入测试用例分组列表页面 第1页
进入测试用例分组添加页面
进入测试用例分组添加页面
进入测试用例分组添加页面
进入测试用例分组添加页面
进入测试用例分组添加页面
进入测试用例分组添加页面
进入测试用例列表页面 第1页
进入测试用例分组列表页面 第1页
进入全局变量列表 第1页
进入测试用例分组列表页面 第1页
进入测试用例分组列表页面 第1页
进入测试用例列表页面 第1页
进入测试用例列表页面 第1页
进入测试用例列表页面 第1页
进入测试用例列表页面 第1页
进入测试用例列表页面 第1页
进入测试用例列表页面 第1页
进入测试用例列表页面 第1页
进入测试用例列表页面 第1页
进入测试用例列表页面 第1页
进入测试用例列表页面 第1页
进入测试用例列表页面 第1页
进入测试用例列表页面 第1页
进入测试用例列表页面 第1页
进入测试用例列表页面 第1页
进入测试用例列表页面 第1页
进入测试用例列表页面 第1页
进入测试用例列表页面 第1页
进入测试用例列表页面 第1页
进入测试用例列表页面 第1页
进入测试用例列表页面 第1页
进入测试用例列表页面 第1页
进入测试用例列表页面 第1页
进入测试用例列表页面 第1页
进入测试用例列表页面 第1页
进入测试用例列表页面 第1页
进入测试用例列表页面 第1页
进入测试用例列表页面 第1页
进入测试用例列表页面 第1页
进入测试用例列表页面 第1页
进入测试用例列表页面 第1页
进入测试用例列表页面 第1页
进入测试用例列表页面 第1页
进入测试用例分组列表页面 第1页
进入全局变量列表 第1页
进入全局变量列表 第1页
进入请求头部列表 第1页
进入测试用例执行页面
进入测试用例分组列表页面 第1页
进入全局变量列表 第1页
进入测试用例分组列表页面 第1页
进入测试用例分组添加页面
进入测试用例分组添加页面
进入测试用例分组添加页面
进入测试用例分组添加页面
进入测试用例分组添加页面
进入测试用例分组添加页面
进入测试用例分组添加页面
进入测试用例分组添加页面
进入测试用例分组添加页面
进入测试用例分组添加页面
进入测试用例分组添加页面
进入测试用例分组添加页面
进入测试用例分组添加页面
进入测试用例分组添加页面
进入测试用例分组添加页面
进入测试用例分组添加页面
进入测试用例分组添加页面
进入测试用例分组添加页面
进入测试用例分组添加页面
进入测试用例分组列表页面 第1页
进入测试用例分组添加页面
进入测试用例分组添加页面
进入全局变量列表 第1页
进入测试用例分组列表页面 第1页
进入测试用例分组添加页面
进入测试用例分组添加页面
进入测试用例分组添加页面
开始添加测试用例分组 name: 123 
开始添加测试用例分组 name: 123 成功
进入测试用例分组列表页面 第1页
进入测试用例分组添加页面
进入测试用例分组添加页面
开始添加测试用例分组 name: 12 
开始添加测试用例分组 name: 12 成功
进入测试用例分组列表页面 第1页
进入测试用例分组添加页面
开始添加测试用例分组 name: 12211 
开始添加测试用例分组 name: 12211 成功
进入测试用例分组列表页面 第1页
删除测试用例分组 id:8 成功
进入测试用例分组列表页面 第1页
删除测试用例分组 id:7 成功
进入测试用例分组列表页面 第1页
删除测试用例分组 id:6 成功
进入测试用例分组列表页面 第1页
删除测试用例分组 id:5 成功
进入测试用例分组列表页面 第1页
删除测试用例分组 id:4 成功
进入测试用例分组列表页面 第1页
进入测试用例分组列表页面 第1页
进入测试用例分组列表页面 第1页
进入测试用例分组列表页面 第1页
进入测试用例分组列表页面 第1页
进入测试用例分组列表页面 第1页
进入测试用例分组列表页面 第1页
进入测试用例分组列表页面 第1页
进入测试用例分组列表页面 第1页
进入测试用例分组列表页面 第1页
进入测试用例分组列表页面 第1页
进入测试用例分组列表页面 第1页
进入测试用例分组列表页面 第1页
进入测试用例分组列表页面 第1页
进入测试用例分组列表页面 第1页
进入测试用例分组列表页面 第1页
进入测试用例分组  id:3 关联测试用例页面
进入测试用例分组列表页面 第1页
进入测试用例分组列表页面 第1页
进入测试用例分组列表页面 第1页
进入测试用例分组列表页面 第1页
进入测试用例分组列表页面 第1页
进入测试用例分组列表页面 第1页
进入测试用例分组列表页面 第1页
进入测试用例分组列表页面 第1页
进入测试用例分组列表页面 第1页
进入测试用例分组列表页面 第1页
进入测试用例分组列表页面 第1页
进入测试用例分组列表页面 第1页
进入测试用例分组列表页面 第1页
进入测试用例分组列表页面 第1页
进入测试用例分组列表页面 第1页
进入测试用例分组列表页面 第1页
进入测试用例列表页面 第1页
进入测试用例分组列表页面 第1页
进入测试用例列表页面 第1页
进入测试用例分组列表页面 第1页
进入测试用例列表页面 第1页
进入测试用例分组列表页面 第1页
进入全局变量列表 第1页
进入请求头部列表 第1页
进入测试用例执行页面
进入测试用例执行页面
进入测试用例执行页面
进入测试用例执行页面
进入测试用例分组列表页面 第1页
进入测试用例分组添加页面
进入测试用例列表页面 第1页
进入测试用例分组列表页面 第1页
进入测试用例分组添加页面
开始添加测试用例分组 name: 12 
开始添加测试用例分组 name: 12 成功
进入测试用例分组列表页面 第1页
进入测试用例分组添加页面
进入测试用例列表页面 第1页
进入测试用例列表页面 第1页
进入测试用例列表页面 第1页
进入测试用例列表页面 第1页
进入测试用例列表页面 第1页
进入测试用例分组列表页面 第1页
进入全局变量列表 第1页
进入请求头部列表 第1页
进入全局变量列表 第1页
进入测试用例执行页面
进入测试用例执行页面
进入测试用例执行页面
进入测试用例执行页面
进入测试用例执行页面
进入测试用例执行页面
进入测试用例执行页面
进入测试用例执行页面
进入测试用例分组列表页面 第1页
进入全局变量列表 第1页
进入请求头部列表 第1页
进入测试用例分组列表页面 第1页
进入测试用例列表页面 第1页
进入测试用例列表页面 第1页
进入全局变量列表 第1页
进入全局变量列表 第2页
进入全局变量列表 第3页
进入测试用例列表页面 第1页
进入编辑测试用例 id: 1 页面
进入测试用例列表页面 第1页
进入测试用例列表页面 第1页
进入编辑测试用例 id: 1 页面
进入编辑测试用例 id: 1 页面
进入全局变量列表 第1页
进入测试用例分组列表页面 第1页
进入全局变量列表 第1页
进入测试用例分组列表页面 第1页
进入测试用例列表页面 第1页
进入测试用例列表页面 第1页
进入测试用例分组列表页面 第1页
进入测试用例列表页面 第1页
进入测试用例分组列表页面 第1页
进入测试用例分组列表页面 第1页
进入全局变量列表 第1页
进入请求头部列表 第1页
进入测试用例执行页面
进入测试用例列表页面 第1页
进入测试用例列表页面 第1页
进入测试用例列表页面 第1页
进入测试用例列表页面 第1页
进入测试用例列表页面 第1页
进入测试用例分组列表页面 第1页
进入编辑测试用例分组 id:4 页面
进入测试用例分组列表页面 第1页
进入编辑测试用例分组 id:4 页面
进入编辑测试用例分组 id:4 页面
进入编辑测试用例分组 id:4 页面
进入编辑测试用例分组 id:4 页面
编辑测试用例分组 name:123 成功
进入测试用例分组列表页面 第1页
进入编辑测试用例分组 id:4 页面
进入编辑测试用例分组 id:4 页面
进入编辑测试用例分组 id:4 页面
进入编辑测试用例分组 id:4 页面
编辑测试用例分组 name:123 成功
进入测试用例分组列表页面 第1页
进入测试用例分组列表页面 第1页
进入测试用例分组列表页面 第1页
进入测试用例分组列表页面 第1页
进入编辑测试用例分组 id:4 页面
进入测试用例列表页面 第1页
进入全局变量列表 第1页
进入测试用例分组列表页面 第1页
进入测试用例分组添加页面
开始添加测试用例分组 name: 12 
开始添加测试用例分组 name: 12 成功
进入测试用例分组列表页面 第1页
进入编辑测试用例分组 id:5 页面
进入编辑测试用例分组 id:5 页面
进入编辑测试用例分组 id:5 页面
进入测试用例分组列表页面 第1页
进入编辑测试用例分组 id:5 页面
进入编辑测试用例分组 id:5 页面
进入编辑测试用例分组 id:5 页面
编辑测试用例分组 name:12 成功
进入测试用例分组列表页面 第1页
进入编辑测试用例分组 id:5 页面
编辑测试用例分组 name:1234 成功
进入测试用例分组列表页面 第1页
进入编辑测试用例分组 id:5 页面
编辑测试用例分组 name:1234 成功
进入测试用例分组列表页面 第1页
进入测试用例分组列表页面 第1页
进入请求头部列表 第1页
进入请求头部列表页面
进入请求头部列表 第1页
进入请求头部列表页面
进入请求头部列表页面
添加请求头部 name: ZDBM_request1
添加请求头部 name: ZDBM_request1 成功
进入请求头部列表 第1页
进入请求头部列表 第1页
进入修改请求头部 id: 3 页面
进入测试用例列表页面 第1页
进入测试用例分组列表页面 第1页
进入测试用例分组添加页面
开始添加测试用例分组 name: 12345 
开始添加测试用例分组 name: 12345 成功
进入测试用例分组列表页面 第1页
进入编辑测试用例分组 id:6 页面
编辑测试用例分组 name:12345 成功
进入测试用例分组列表页面 第1页
进入编辑测试用例分组 id:6 页面
编辑测试用例分组 name:12 成功
进入测试用例分组列表页面 第1页
进入测试用例分组列表页面 第1页
进入请求头部列表 第1页
进入请求头部列表页面
添加请求头部 name: ZDBM_request11
添加请求头部 name: ZDBM_request11 成功
进入请求头部列表 第1页
进入修改请求头部 id: 4 页面
编辑请求头部 name: ZDBM_request11 成功
进入请求头部列表 第1页
进入修改请求头部 id: 4 页面
进入请求头部列表 第1页
进入全局变量列表 第1页
进入全局变量列表 第1页
进入添加全局变量页面
进入全局变量列表 第1页
进入添加全局变量页面
进入添加全局变量页面
进入全局变量列表 第1页
进入添加全局变量页面
进入添加全局变量页面
进入全局变量列表 第1页
进入添加全局变量页面
进入添加全局变量页面
进入请求头部列表 第1页
进入全局变量列表 第1页
进入测试用例列表页面 第1页
进入测试用例分组列表页面 第1页
进入测试用例分组添加页面
开始添加测试用例分组 name: 12345 
开始添加测试用例分组 name: 12345 成功
进入测试用例分组列表页面 第1页
进入编辑测试用例分组 id:7 页面
编辑测试用例分组 name:12345 成功
进入测试用例分组列表页面 第1页
进入编辑测试用例分组 id:7 页面
编辑测试用例分组 name:1213 成功
进入测试用例分组列表页面 第1页
进入全局变量列表 第1页
进入添加全局变量页面
进入添加全局变量页面
进入全局变量列表 第1页
进入编辑全局变量 id: 13 页面
编辑全局变量 name: password 成功
进入全局变量列表 第1页
进入编辑全局变量 id: 13 页面
编辑全局变量 name: password 成功
进入全局变量列表 第1页
进入测试用例列表页面 第1页
进入添加测试用例页面
添加测试用例 name: 123 成功
进入测试用例列表页面 第1页
进入编辑测试用例 id: 5 页面
编辑测试用例 name: 设置客户名称11 成功
进入测试用例列表页面 第1页
删除测试用例 id: 5 成功
进入测试用例列表页面 第1页
进入全局变量列表 第1页
进入测试用例分组列表页面 第1页
进入测试用例列表页面 第1页
进入测试用例分组列表页面 第1页
进入全局变量列表 第1页
进入请求头部列表 第1页
进入测试用例执行页面
进入测试用例执行页面
进入测试用例执行页面
进入测试用例执行页面
进入测试用例执行页面
进入测试用例执行页面
进入测试用例执行页面
进入测试用例执行页面
进入测试用例执行页面
进入测试用例执行页面
进入测试用例执行页面
进入测试用例执行页面
进入测试用例执行页面
进入测试用例执行页面
进入测试用例执行页面
进入测试用例执行页面
进入测试用例执行页面
进入测试用例执行页面
进入测试用例执行页面
进入测试用例执行页面
进入测试用例执行页面
进入测试用例执行页面
进入测试用例执行页面
进入测试用例执行页面
进入测试用例执行页面
进入测试用例执行页面
进入测试用例执行页面
进入测试用例执行页面
进入测试用例执行页面
进入测试用例执行页面
进入测试用例执行页面
进入测试用例执行页面
进入测试用例执行页面
进入测试用例执行页面
进入测试用例执行页面
进入测试用例执行页面
进入测试用例执行页面
进入测试用例执行页面
进入测试用例执行页面
进入测试用例执行页面
进入测试用例执行页面
进入测试用例执行页面
进入测试用例执行页面
进入测试用例执行页面
进入测试用例执行页面
进入请求头部列表 第1页
进入测试用例执行页面
进入请求头部列表 第1页
进入测试用例执行页面
进入请求头部列表 第1页
进入测试用例执行页面
进入测试用例执行页面
进入测试用例列表页面 第1页
进入请求头部列表 第1页
进入测试用例执行页面
进入测试用例执行页面
进入测试用例列表页面 第1页
进入测试用例分组列表页面 第1页
进入测试用例列表页面 第1页
进入测试用例列表页面 第1页
进入测试用例分组列表页面 第1页
进入全局变量列表 第1页
进入请求头部列表 第1页
进入测试用例执行页面
进入请求头部列表 第1页
进入全局变量列表 第1页
进入测试用例分组列表页面 第1页
进入测试用例分组  id:7 关联测试用例页面
进入测试用例列表页面 第1页
进入测试用例分组列表页面 第1页
删除测试用例分组 id:7 成功
进入测试用例分组列表页面 第1页
删除测试用例分组 id:6 成功
进入测试用例分组列表页面 第1页
删除测试用例分组 id:5 成功
进入测试用例分组列表页面 第1页
删除测试用例分组 id:4 成功
进入测试用例分组列表页面 第1页
进入测试用例分组  id:1 关联测试用例页面
进入测试用例分组列表页面 第1页
进入测试用例分组  id:2 关联测试用例页面
进入测试用例分组列表页面 第1页
进入测试用例分组  id:3 关联测试用例页面
进入测试用例列表页面 第1页
进入测试用例分组列表页面 第1页
进入测试用例列表页面 第1页
进入测试用例分组列表页面 第1页
进入全局变量列表 第1页
进入测试用例执行页面
进入测试用例列表页面 第1页
进入测试用例列表页面 第1页
进入测试用例分组列表页面 第1页
进入全局变量列表 第1页
进入测试用例执行页面
进入全局变量列表 第1页
进入测试用例执行页面
进入测试用例执行页面
进入测试用例执行页面
进入测试用例执行页面
进入测试用例执行页面
进入测试用例执行页面
进入测试用例执行页面
进入测试用例列表页面 第1页
进入添加测试用例页面
进入测试用例分组列表页面 第1页
进入测试用例分组  id:3 关联测试用例页面
进入请求头部列表 第1页
进入测试用例分组列表页面 第1页
进入全局变量列表 第1页
进入全局变量列表 第2页
进入全局变量列表 第3页
进入全局变量列表 第1页
进入编辑全局变量 id: 10 页面
编辑全局变量 name: _TEST_VERSION 成功
进入全局变量列表 第1页
进入请求头部列表 第1页
进入测试用例执行页面
进入测试用例分组列表页面 第1页
进入测试用例执行页面
进入测试用例执行页面
进入测试用例执行页面
进入测试用例执行页面
进入测试用例执行页面
进入测试用例执行页面
删除测试报告 id: 1 成功
删除测试报告 id: 3 成功
删除测试报告 id: 4 成功
删除测试报告 id: 5 成功
删除测试报告 id: 6 成功
删除测试报告 id: 7 成功
进入测试用例执行页面
进入测试用例执行页面
进入请求头部列表 第1页
进入全局变量列表 第1页
进入测试用例分组列表页面 第1页
进入测试用例列表页面 第1页
进入测试用例列表页面 第1页
进入测试用例分组列表页面 第1页
进入测试用例列表页面 第1页
进入测试用例分组列表页面 第1页
进入测试用例分组列表页面 第1页
进入全局变量列表 第1页
进入全局变量列表 第1页
进入请求头部列表 第1页
进入测试用例执行页面
进入测试用例列表页面 第1页
进入测试用例分组列表页面 第1页
进入全局变量列表 第1页
进入请求头部列表 第1页
进入测试用例执行页面
进入测试用例执行页面
进入测试用例执行页面
进入测试用例执行页面
进入测试用例执行页面
进入测试用例执行页面
进入请求头部列表 第1页
进入测试用例分组列表页面 第1页
进入测试用例列表页面 第1页
